<?xml version="1.0" encoding="UTF-8"?>
<!-- Generated by org.testng.reporters.JUnitXMLReporter -->
<testsuite ignored="0" hostname="DESKTOP-6KL1CQT" failures="1" tests="1" name="Test" time="59.095" errors="0" timestamp="2024-09-06T13:17:06 IST">
  <testcase classname="testCases.TC001_AccountRegistrationTest" name="verifyRegistration" time="14.252">
    <failure type="java.lang.AssertionError" message="expected [Your Account Has Been Created!!] but found [Your Account Has Been Created!]">
      <![CDATA[java.lang.AssertionError: expected [Your Account Has Been Created!!] but found [Your Account Has Been Created!]
at testCases.TC001_AccountRegistrationTest.verifyRegistration(TC001_AccountRegistrationTest.java:29)
at java.base/java.util.ArrayList.forEach(ArrayList.java:1596)
... Removed 35 stack frames]]>
    </failure>
  </testcase> <!-- verifyRegistration -->
</testsuite> <!-- Test -->
